<?xml version="1.0" encoding="UTF-8"?>
<!-- Generated by org.testng.reporters.JUnitXMLReporter -->
<testsuite ignored="0" hostname="DESKTOP-VK6INC2" failures="0" tests="49" name="SwagLabsTestCasessTest" time="242.303" errors="0" timestamp="2024-06-13T14:18:01 IST">
  <testcase classname="test_cases.Backtohome_test" name="clickonbackbtntest" time="0.109"/>
  <testcase classname="test_cases.Backtohome_test" name="verifyTexttest" time="1.088"/>
  <testcase classname="test_cases.Backtohome_test" name="verifyTwitterLogoTest" time="0.043"/>
  <testcase classname="test_cases.Backtohome_test" name="verifycompletetitletest" time="0.034"/>
  <testcase classname="test_cases.Backtohome_test" name="verifyfacebooklogotest" time="0.037"/>
  <testcase classname="test_cases.Backtohome_test" name="verifyimagetest" time="0.036"/>
  <testcase classname="test_cases.Backtohome_test" name="verifylinkedinlogotest" time="0.047"/>
  <testcase classname="test_cases.Backtohome_test" name="verifytexttest" time="0.036"/>
  <testcase classname="test_cases.Backtohome_test" name="verifythankyoutitletest" time="0.037"/>
  <testcase classname="test_cases.Inventory_page_Test" name="add6productstest" time="0.656"/>
  <testcase classname="test_cases.Inventory_page_Test" name="remove2productstest" time="0.749"/>
  <testcase classname="test_cases.Inventory_page_Test" name="verifyTexttest" time="0.166"/>
  <testcase classname="test_cases.Inventory_page_Test" name="verifyTwitterLogoTest" time="0.052"/>
  <testcase classname="test_cases.Inventory_page_Test" name="verifyfacebooklogotest" time="0.137"/>
  <testcase classname="test_cases.Inventory_page_Test" name="verifylinkedinlogotest" time="0.039"/>
  <testcase classname="test_cases.Inventory_page_Test" name="verifypagelogoTest" time="0.105"/>
  <testcase classname="test_cases.Inventory_page_Test" name="verifyproductTitleTest" time="0.113"/>
  <testcase classname="test_cases.Login_Page_Test" name="loginToApplicationTest" time="0.509"/>
  <testcase classname="test_cases.Login_Page_Test" name="verifytitleofapplicationTest" time="0.212"/>
  <testcase classname="test_cases.Login_Page_Test" name="verifyurlofapplicationTest" time="0.296"/>
  <testcase classname="test_cases.Payment_Finish_Test" name="Clickonfinishbtntest" time="0.087"/>
  <testcase classname="test_cases.Payment_Finish_Test" name="Verifycancelbtntest" time="0.032"/>
  <testcase classname="test_cases.Payment_Finish_Test" name="Verifyoverviewtitletest" time="0.022"/>
  <testcase classname="test_cases.Payment_Finish_Test" name="Verifypaymentinfotest" time="0.032"/>
  <testcase classname="test_cases.Payment_Finish_Test" name="Verifypricetitaltest" time="0.025"/>
  <testcase classname="test_cases.Payment_Finish_Test" name="Verifyshippinginfotest" time="0.022"/>
  <testcase classname="test_cases.Payment_Finish_Test" name="verifyTexttest" time="0.095"/>
  <testcase classname="test_cases.Payment_Finish_Test" name="verifyTwitterLogoTest" time="0.036"/>
  <testcase classname="test_cases.Payment_Finish_Test" name="verifyfacebooklogotest" time="0.034"/>
  <testcase classname="test_cases.Payment_Finish_Test" name="verifylinkedinlogotest" time="0.031"/>
  <testcase classname="test_cases.CheckoutPageTest" name="inputinformationtest" time="0.404"/>
  <testcase classname="test_cases.CheckoutPageTest" name="verifyTexttest" time="0.155"/>
  <testcase classname="test_cases.CheckoutPageTest" name="verifyTwitterLogoTest" time="0.043"/>
  <testcase classname="test_cases.CheckoutPageTest" name="verifycancelbtntest" time="0.032"/>
  <testcase classname="test_cases.CheckoutPageTest" name="verifyfacebooklogotest" time="0.043"/>
  <testcase classname="test_cases.CheckoutPageTest" name="verifyinfotitletest" time="0.032"/>
  <testcase classname="test_cases.CheckoutPageTest" name="verifylinkedinlogotest" time="0.04"/>
  <testcase classname="test_cases.Cart_test" name="verifyTexttest" time="0.081"/>
  <testcase classname="test_cases.Cart_test" name="verifyTwitterLogoTest" time="0.044"/>
  <testcase classname="test_cases.Cart_test" name="verifycartpageUrltest" time="0.071"/>
  <testcase classname="test_cases.Cart_test" name="verifycarttitletest" time="0.078"/>
  <testcase classname="test_cases.Cart_test" name="verifychechoutbtntest" time="0.179"/>
  <testcase classname="test_cases.Cart_test" name="verifycontinueshoppingbtntest" time="0.043"/>
  <testcase classname="test_cases.Cart_test" name="verifydiscriptionlabletest" time="0.085"/>
  <testcase classname="test_cases.Cart_test" name="verifyfacebooklogotest" time="0.038"/>
  <testcase classname="test_cases.Cart_test" name="verifylinkedinlogotest" time="0.042"/>
  <testcase classname="test_cases.Cart_test" name="verifypagetitletest" time="0.085"/>
  <testcase classname="test_cases.Cart_test" name="verifyquantitylabletest" time="0.135"/>
  <testcase classname="test_cases.Cart_test" name="verifythreelinebtntest" time="0.036"/>
</testsuite> <!-- SwagLabsTestCasessTest -->
