<?xml version="1.0" encoding="UTF-8"?>
<!-- Generated by org.testng.reporters.JUnitReportReporter -->
<testsuite hostname="DESKTOP-VK6INC2" failures="0" tests="12" name="test_cases.Cart_test" time="53.234" errors="0" timestamp="2024-06-13T14:18:01 IST" skipped="0">
  <testcase classname="test_cases.Cart_test" name="verifylinkedinlogotest" time="4.258"/>
  <system-out>
    <![CDATA[linkedin Logo Is Present = true]]>
  </system-out>
  <testcase classname="test_cases.Cart_test" name="verifydiscriptionlabletest" time="4.090"/>
  <system-out>
    <![CDATA[Description Lable =Description]]>
  </system-out>
  <testcase classname="test_cases.Cart_test" name="verifycarttitletest" time="4.081"/>
  <system-out>
    <![CDATA[Cart Title =Your Cart]]>
  </system-out>
  <testcase classname="test_cases.Cart_test" name="verifypagetitletest" time="4.184"/>
  <system-out>
    <![CDATA[Cart Page Title =Swag Labs]]>
  </system-out>
  <testcase classname="test_cases.Cart_test" name="verifycontinueshoppingbtntest" time="4.420"/>
  <system-out>
    <![CDATA[Continue Shopping Button Is Present = true]]>
  </system-out>
  <testcase classname="test_cases.Cart_test" name="verifythreelinebtntest" time="4.318"/>
  <system-out>
    <![CDATA[Three line button Is Present = true]]>
  </system-out>
  <testcase classname="test_cases.Cart_test" name="verifyquantitylabletest" time="4.456"/>
  <system-out>
    <![CDATA[QTY Lable =QTY]]>
  </system-out>
  <testcase classname="test_cases.Cart_test" name="verifyfacebooklogotest" time="4.359"/>
  <system-out>
    <![CDATA[Facebook Logo Is Present = true]]>
  </system-out>
  <testcase classname="test_cases.Cart_test" name="verifychechoutbtntest" time="4.745"/>
  <system-out>
    <![CDATA[checkout Page Step1 URL =https://www.saucedemo.com/checkout-step-one.html]]>
  </system-out>
  <testcase classname="test_cases.Cart_test" name="verifyTexttest" time="4.475"/>
  <system-out>
    <![CDATA[text is Visible = © 2024 Sauce Labs. All Rights Reserved. Terms of Service | Privacy Policy]]>
  </system-out>
  <testcase classname="test_cases.Cart_test" name="verifycartpageUrltest" time="5.055"/>
  <system-out>
    <![CDATA[Cart Page URL =https://www.saucedemo.com/cart.html]]>
  </system-out>
  <testcase classname="test_cases.Cart_test" name="verifyTwitterLogoTest" time="4.793"/>
  <system-out>
    <![CDATA[Twitter Logo Is Present = true]]>
  </system-out>
</testsuite> <!-- test_cases.Cart_test -->
