<?xml version="1.0" encoding="UTF-8"?>
<!-- Generated by org.testng.reporters.JUnitReportReporter -->
<testsuite hostname="DESKTOP-VK6INC2" failures="0" tests="9" name="test_cases.Backtohome_test" time="57.700" errors="0" timestamp="2024-06-13T14:18:01 IST" skipped="0">
  <testcase classname="test_cases.Backtohome_test" name="verifylinkedinlogotest" time="5.554"/>
  <system-out>
    <![CDATA[linkedin Logo Is Present = true]]>
  </system-out>
  <testcase classname="test_cases.Backtohome_test" name="verifyimagetest" time="5.826"/>
  <system-out>
    <![CDATA[image is Displayed = true]]>
  </system-out>
  <testcase classname="test_cases.Backtohome_test" name="verifyfacebooklogotest" time="14.573"/>
  <system-out>
    <![CDATA[Facebook Logo Is Present = true]]>
  </system-out>
  <testcase classname="test_cases.Backtohome_test" name="verifyTwitterLogoTest" time="4.939"/>
  <system-out>
    <![CDATA[Twitter Logo Is Present = true]]>
  </system-out>
  <testcase classname="test_cases.Backtohome_test" name="verifytexttest" time="4.910"/>
  <system-out>
    <![CDATA[checkout thank you Text =Your order has been dispatched, and will arrive just as fast as the pony can get there!]]>
  </system-out>
  <testcase classname="test_cases.Backtohome_test" name="verifythankyoutitletest" time="5.131"/>
  <system-out>
    <![CDATA[checkout thank you Title =Thank you for your order!]]>
  </system-out>
  <testcase classname="test_cases.Backtohome_test" name="verifycompletetitletest" time="5.717"/>
  <system-out>
    <![CDATA[checkout complete Title =Checkout: Complete!]]>
  </system-out>
  <testcase classname="test_cases.Backtohome_test" name="verifyTexttest" time="6.155"/>
  <system-out>
    <![CDATA[text is Visible = © 2024 Sauce Labs. All Rights Reserved. Terms of Service | Privacy Policy]]>
  </system-out>
  <testcase classname="test_cases.Backtohome_test" name="clickonbackbtntest" time="4.895"/>
  <system-out>
    <![CDATA[Back To Home Product Page =https://www.saucedemo.com/inventory.html]]>
  </system-out>
</testsuite> <!-- test_cases.Backtohome_test -->
