<?xml version="1.0" encoding="UTF-8"?>
<!-- Generated by org.testng.reporters.JUnitReportReporter -->
<testsuite hostname="DESKTOP-VK6INC2" failures="0" tests="10" name="test_cases.Payment_Finish_Test" time="51.580" errors="0" timestamp="2024-06-13T14:18:01 IST" skipped="0">
  <testcase classname="test_cases.Payment_Finish_Test" name="verifylinkedinlogotest" time="5.238"/>
  <system-out>
    <![CDATA[linkedin Logo Is Present = true]]>
  </system-out>
  <testcase classname="test_cases.Payment_Finish_Test" name="Verifypricetitaltest" time="5.463"/>
  <system-out>
    <![CDATA[Finish Page Price Total Title =Price Total]]>
  </system-out>
  <testcase classname="test_cases.Payment_Finish_Test" name="Verifycancelbtntest" time="4.904"/>
  <system-out>
    <![CDATA[Cancel Button is Displayed = true]]>
  </system-out>
  <testcase classname="test_cases.Payment_Finish_Test" name="verifyTwitterLogoTest" time="5.297"/>
  <system-out>
    <![CDATA[Twitter Logo Is Present = true]]>
  </system-out>
  <testcase classname="test_cases.Payment_Finish_Test" name="verifyfacebooklogotest" time="5.253"/>
  <system-out>
    <![CDATA[Facebook Logo Is Present = true]]>
  </system-out>
  <testcase classname="test_cases.Payment_Finish_Test" name="verifyTexttest" time="4.891"/>
  <system-out>
    <![CDATA[text is Visible = © 2024 Sauce Labs. All Rights Reserved. Terms of Service | Privacy Policy]]>
  </system-out>
  <testcase classname="test_cases.Payment_Finish_Test" name="Clickonfinishbtntest" time="5.310"/>
  <system-out>
    <![CDATA[Finish Page home URL =https://www.saucedemo.com/checkout-complete.html]]>
  </system-out>
  <testcase classname="test_cases.Payment_Finish_Test" name="Verifypaymentinfotest" time="4.929"/>
  <system-out>
    <![CDATA[Finish Page Payment Title =Payment Information:]]>
  </system-out>
  <testcase classname="test_cases.Payment_Finish_Test" name="Verifyshippinginfotest" time="5.105"/>
  <system-out>
    <![CDATA[Finish Page Shipping Title =Shipping Information:]]>
  </system-out>
  <testcase classname="test_cases.Payment_Finish_Test" name="Verifyoverviewtitletest" time="5.190"/>
  <system-out>
    <![CDATA[Finish Page Overview Title =Checkout: Overview]]>
  </system-out>
</testsuite> <!-- test_cases.Payment_Finish_Test -->
