<?xml version="1.0" encoding="UTF-8"?>
<!-- Generated by org.testng.reporters.JUnitReportReporter -->
<testsuite hostname="DESKTOP-VK6INC2" failures="0" tests="7" name="test_cases.CheckoutPageTest" time="34.110" errors="0" timestamp="2024-06-13T14:18:01 IST" skipped="0">
  <testcase classname="test_cases.CheckoutPageTest" name="verifylinkedinlogotest" time="5.244"/>
  <system-out>
    <![CDATA[linkedin Logo Is Present = true]]>
  </system-out>
  <testcase classname="test_cases.CheckoutPageTest" name="verifyfacebooklogotest" time="4.964"/>
  <system-out>
    <![CDATA[Facebook Logo Is Present = true]]>
  </system-out>
  <testcase classname="test_cases.CheckoutPageTest" name="verifyTexttest" time="4.907"/>
  <system-out>
    <![CDATA[text is Visible = © 2024 Sauce Labs. All Rights Reserved. Terms of Service | Privacy Policy]]>
  </system-out>
  <testcase classname="test_cases.CheckoutPageTest" name="verifyTwitterLogoTest" time="4.600"/>
  <system-out>
    <![CDATA[Twitter Logo Is Present = true]]>
  </system-out>
  <testcase classname="test_cases.CheckoutPageTest" name="verifycancelbtntest" time="4.563"/>
  <system-out>
    <![CDATA[Cancel Button is Displayed = true]]>
  </system-out>
  <testcase classname="test_cases.CheckoutPageTest" name="verifyinfotitletest" time="4.747"/>
  <system-out>
    <![CDATA[checkout Page Step2 Info Title =Checkout: Your Information]]>
  </system-out>
  <testcase classname="test_cases.CheckoutPageTest" name="inputinformationtest" time="5.085"/>
  <system-out>
    <![CDATA[checkout Page Step2 URL =https://www.saucedemo.com/checkout-step-two.html]]>
  </system-out>
</testsuite> <!-- test_cases.CheckoutPageTest -->
