<?xml version="1.0" encoding="UTF-8"?>
<!-- Generated by org.testng.reporters.JUnitReportReporter -->
<testsuite hostname="DESKTOP-VK6INC2" failures="0" tests="8" name="test_cases.Inventory_page_Test" time="50.329" errors="0" timestamp="2024-06-15T15:43:15 IST" skipped="0">
  <testcase classname="test_cases.Inventory_page_Test" name="remove2productstest" time="5.330"/>
  <system-out>
    <![CDATA[Total Products After Remove To The Cart = 4]]>
  </system-out>
  <testcase classname="test_cases.Inventory_page_Test" name="verifyproductTitleTest" time="4.550"/>
  <system-out>
    <![CDATA[Product Title = Products]]>
  </system-out>
  <testcase classname="test_cases.Inventory_page_Test" name="add6productstest" time="16.182"/>
  <system-out>
    <![CDATA[Total Products add to Cart = 6]]>
  </system-out>
  <testcase classname="test_cases.Inventory_page_Test" name="verifylinkedinlogotest" time="5.055"/>
  <system-out>
    <![CDATA[linkedin Logo Is Present = true]]>
  </system-out>
  <testcase classname="test_cases.Inventory_page_Test" name="verifyTwitterLogoTest" time="4.329"/>
  <system-out>
    <![CDATA[Twitter Logo Is Present = true]]>
  </system-out>
  <testcase classname="test_cases.Inventory_page_Test" name="verifyfacebooklogotest" time="5.730"/>
  <system-out>
    <![CDATA[Facebook Logo Is Present = true]]>
  </system-out>
  <testcase classname="test_cases.Inventory_page_Test" name="verifyTexttest" time="4.636"/>
  <system-out>
    <![CDATA[text is Visible = © 2024 Sauce Labs. All Rights Reserved. Terms of Service | Privacy Policy]]>
  </system-out>
  <testcase classname="test_cases.Inventory_page_Test" name="verifypagelogoTest" time="4.517"/>
  <system-out>
    <![CDATA[Page Logo Is Present = true]]>
  </system-out>
</testsuite> <!-- test_cases.Inventory_page_Test -->
